#
# A fatal error has been detected by the Java Runtime Environment:
#
#  EXCEPTION_ACCESS_VIOLATION (0xc0000005) at pc=0x76687adf, pid=5280, tid=1104
#
# JRE version: 6.0_24-b07
# Java VM: Java HotSpot(TM) Client VM (19.1-b02 mixed mode, sharing windows-x86 )
# Problematic frame:
# C  [ole32.dll+0x37adf]
#
# If you would like to submit a bug report, please visit:
#   http://java.sun.com/webapps/bugreport/crash.jsp
# The crash happened outside the Java Virtual Machine in native code.
# See problematic frame for where to report the bug.
#

---------------  T H R E A D  ---------------

Current thread (0x01f99800):  JavaThread "main" [_thread_in_native, id=1104, stack(0x003b0000,0x00400000)]

siginfo: ExceptionCode=0xc0000005, writing address 0x00000028

Registers:
EAX=0x003ff6bc, EBX=0x76797758, ECX=0x00000000, EDX=0x00000000
ESP=0x003ff68c, EBP=0x003ff694, ESI=0x003ff6bc, EDI=0x00000028
EIP=0x76687adf, EFLAGS=0x00010246

Register to memory mapping:

EAX=0x003ff6bc
0x003ff6bc is pointing into the stack for thread: 0x01f99800
"main" prio=6 tid=0x01f99800 nid=0x450 runnable [0x003ff000]
   java.lang.Thread.State: RUNNABLE

EBX=0x76797758
0x76797758 is pointing to unknown location

ECX=0x00000000
0x00000000 is pointing to unknown location

EDX=0x00000000
0x00000000 is pointing to unknown location

ESP=0x003ff68c
0x003ff68c is pointing into the stack for thread: 0x01f99800
"main" prio=6 tid=0x01f99800 nid=0x450 runnable [0x003ff000]
   java.lang.Thread.State: RUNNABLE

EBP=0x003ff694
0x003ff694 is pointing into the stack for thread: 0x01f99800
"main" prio=6 tid=0x01f99800 nid=0x450 runnable [0x003ff000]
   java.lang.Thread.State: RUNNABLE

ESI=0x003ff6bc
0x003ff6bc is pointing into the stack for thread: 0x01f99800
"main" prio=6 tid=0x01f99800 nid=0x450 runnable [0x003ff000]
   java.lang.Thread.State: RUNNABLE

EDI=0x00000028
0x00000028 is pointing to unknown location


Top of Stack: (sp=0x003ff68c)
0x003ff68c:   005a5270 005a80c8 003ff6d0 766877ab
0x003ff69c:   003ff6bc 004612f0 005a5270 00000000
0x003ff6ac:   00000000 005857c8 005a80c8 00000000
0x003ff6bc:   00008800 000014a0 4a31d476 a874f2ab
0x003ff6cc:   c7ef7ce3 003ff6ec 7668760a 0517c1b0
0x003ff6dc:   00000000 7678d83e 05182440 005a5270
0x003ff6ec:   003ff738 766de1a9 c7ef7d0b 05182440
0x003ff6fc:   05182440 004612f0 003ff71c 761106e1 

Instructions: (pc=0x76687adf)
0x76687acf:   90 90 90 8b ff 55 8b ec 56 8b 75 08 57 8d 79 28
0x76687adf:   a5 a5 a5 a5 5f 5e 5d c2 04 00 ff 75 0c ff 75 08 


Stack: [0x003b0000,0x00400000],  sp=0x003ff68c,  free space=317k
Native frames: (J=compiled Java code, j=interpreted, Vv=VM code, C=native code)
C  [ole32.dll+0x37adf]
C  [ole32.dll+0x377ab]
C  [ole32.dll+0x3760a]
C  [ole32.dll+0x8e1a9]

Java frames: (J=compiled Java code, j=interpreted, Vv=VM code)
j  sun.awt.windows.WComponentPeer.addNativeDropTarget()J+0
j  sun.awt.windows.WComponentPeer.addDropTarget(Ljava/awt/dnd/DropTarget;)V+9
j  java.awt.dnd.DropTarget.addNotify(Ljava/awt/peer/ComponentPeer;)V+60
j  java.awt.Component.addNotify()V+297
j  java.awt.Container.addNotify()V+8
j  javax.swing.JComponent.addNotify()V+1
j  java.awt.Container.addNotify()V+61
j  javax.swing.JComponent.addNotify()V+1
j  java.awt.Container.addNotify()V+61
j  javax.swing.JComponent.addNotify()V+1
j  java.awt.Container.addNotify()V+61
j  javax.swing.JComponent.addNotify()V+1
j  java.awt.Container.addNotify()V+61
j  javax.swing.JComponent.addNotify()V+1
j  javax.swing.JRootPane.addNotify()V+5
j  java.awt.Container.addNotify()V+61
j  java.awt.Window.addNotify()V+73
j  java.awt.Frame.addNotify()V+70
j  java.awt.Window.show()V+8
j  java.awt.Component.show(Z)V+5
j  java.awt.Component.setVisible(Z)V+2
j  java.awt.Window.setVisible(Z)V+2
j  TronClient.<init>()V+776
j  TronClient.main([Ljava/lang/String;)V+4
v  ~StubRoutines::call_stub

---------------  P R O C E S S  ---------------

Java Threads: ( => current thread )
  0x004a8400 JavaThread "Java Sound Event Dispatcher" daemon [_thread_blocked, id=3580, stack(0x08c10000,0x08c60000)]
  0x004a8000 JavaThread "AWT-EventQueue-0" [_thread_blocked, id=2272, stack(0x08b80000,0x08bd0000)]
  0x004a7800 JavaThread "Thread-3" [_thread_in_native, id=4652, stack(0x07bf0000,0x07c40000)]
  0x004a7400 JavaThread "TimerQueue" daemon [_thread_blocked, id=1476, stack(0x07b60000,0x07bb0000)]
  0x004a6c00 JavaThread "Thread-2" [_thread_in_native, id=5536, stack(0x07ad0000,0x07b20000)]
  0x004a6800 JavaThread "AWT-Windows" daemon [_thread_in_native, id=5552, stack(0x04d40000,0x04d90000)]
  0x004a6000 JavaThread "AWT-Shutdown" [_thread_blocked, id=6740, stack(0x04cb0000,0x04d00000)]
  0x004a5c00 JavaThread "Java2D Disposer" daemon [_thread_blocked, id=2196, stack(0x04c20000,0x04c70000)]
  0x004a5400 JavaThread "Low Memory Detector" daemon [_thread_blocked, id=6604, stack(0x04900000,0x04950000)]
  0x004b2400 JavaThread "CompilerThread0" daemon [_thread_blocked, id=6888, stack(0x04870000,0x048c0000)]
  0x004a5000 JavaThread "Attach Listener" daemon [_thread_blocked, id=6964, stack(0x047e0000,0x04830000)]
  0x004a4800 JavaThread "Signal Dispatcher" daemon [_thread_blocked, id=6204, stack(0x04750000,0x047a0000)]
  0x004a1800 JavaThread "Finalizer" daemon [_thread_blocked, id=1968, stack(0x046c0000,0x04710000)]
  0x0049cc00 JavaThread "Reference Handler" daemon [_thread_blocked, id=5752, stack(0x04630000,0x04680000)]
=>0x01f99800 JavaThread "main" [_thread_in_native, id=1104, stack(0x003b0000,0x00400000)]

Other Threads:
  0x0045f800 VMThread [stack: 0x045a0000,0x045f0000] [id=7020]
  0x004c0800 WatcherThread [stack: 0x04990000,0x049e0000] [id=1376]

VM state:not at safepoint (normal execution)

VM Mutex/Monitor currently owned by a thread: None

Heap
 def new generation   total 4928K, used 1846K [0x245c0000, 0x24b10000, 0x29b10000)
  eden space 4416K,  41% used [0x245c0000, 0x2478da48, 0x24a10000)
  from space 512K,   0% used [0x24a10000, 0x24a10000, 0x24a90000)
  to   space 512K,   0% used [0x24a90000, 0x24a90000, 0x24b10000)
 tenured generation   total 10944K, used 0K [0x29b10000, 0x2a5c0000, 0x345c0000)
   the space 10944K,   0% used [0x29b10000, 0x29b10000, 0x29b10200, 0x2a5c0000)
 compacting perm gen  total 12288K, used 457K [0x345c0000, 0x351c0000, 0x385c0000)
   the space 12288K,   3% used [0x345c0000, 0x346327b8, 0x34632800, 0x351c0000)
    ro space 10240K,  51% used [0x385c0000, 0x38aecf58, 0x38aed000, 0x38fc0000)
    rw space 12288K,  54% used [0x38fc0000, 0x39658f50, 0x39659000, 0x39bc0000)

Dynamic libraries:
0x00400000 - 0x00424000 	C:\Program Files (x86)\Java\jre6\bin\javaw.exe
0x77a10000 - 0x77b90000 	C:\Windows\SysWOW64\ntdll.dll
0x76d20000 - 0x76e20000 	C:\Windows\syswow64\kernel32.dll
0x76100000 - 0x76146000 	C:\Windows\syswow64\KERNELBASE.dll
0x76810000 - 0x768b0000 	C:\Windows\syswow64\ADVAPI32.dll
0x75300000 - 0x753ac000 	C:\Windows\syswow64\msvcrt.dll
0x76ad0000 - 0x76ae9000 	C:\Windows\SysWOW64\sechost.dll
0x76f50000 - 0x77040000 	C:\Windows\syswow64\RPCRT4.dll
0x75110000 - 0x75170000 	C:\Windows\syswow64\SspiCli.dll
0x75100000 - 0x7510c000 	C:\Windows\syswow64\CRYPTBASE.dll
0x76e20000 - 0x76f20000 	C:\Windows\syswow64\USER32.dll
0x76c90000 - 0x76d20000 	C:\Windows\syswow64\GDI32.dll
0x767b0000 - 0x767ba000 	C:\Windows\syswow64\LPK.dll
0x768b0000 - 0x7694d000 	C:\Windows\syswow64\USP10.dll
0x76a00000 - 0x76a60000 	C:\Windows\system32\IMM32.DLL
0x76000000 - 0x760cc000 	C:\Windows\syswow64\MSCTF.dll
0x7c340000 - 0x7c396000 	C:\Program Files (x86)\Java\jre6\bin\msvcr71.dll
0x6d7f0000 - 0x6da96000 	C:\Program Files (x86)\Java\jre6\bin\client\jvm.dll
0x73960000 - 0x73992000 	C:\Windows\system32\WINMM.dll
0x71380000 - 0x713cb000 	C:\Windows\system32\apphelp.dll
0x6d7a0000 - 0x6d7ac000 	C:\Program Files (x86)\Java\jre6\bin\verify.dll
0x6d320000 - 0x6d33f000 	C:\Program Files (x86)\Java\jre6\bin\java.dll
0x6d280000 - 0x6d288000 	C:\Program Files (x86)\Java\jre6\bin\hpi.dll
0x751d0000 - 0x751d5000 	C:\Windows\syswow64\PSAPI.DLL
0x6d7e0000 - 0x6d7ef000 	C:\Program Files (x86)\Java\jre6\bin\zip.dll
0x6d000000 - 0x6d14a000 	C:\Program Files (x86)\Java\jre6\bin\awt.dll
0x70f70000 - 0x70fc1000 	C:\Windows\system32\WINSPOOL.DRV
0x76650000 - 0x767ac000 	C:\Windows\syswow64\ole32.dll
0x70c00000 - 0x70d9e000 	C:\Windows\WinSxS\x86_microsoft.windows.common-controls_6595b64144ccf1df_6.0.7600.16661_none_420fe3fa2b8113bd\COMCTL32.dll
0x76430000 - 0x76487000 	C:\Windows\syswow64\SHLWAPI.dll
0x70ef0000 - 0x70f03000 	C:\Windows\system32\DWMAPI.DLL
0x70e70000 - 0x70ef0000 	C:\Windows\system32\uxtheme.dll
0x6d230000 - 0x6d27f000 	C:\Program Files (x86)\Java\jre6\bin\fontmanager.dll
0x6b410000 - 0x6b5d3000 	C:\Windows\system32\d3d9.dll
0x739e0000 - 0x739e9000 	C:\Windows\system32\VERSION.dll
0x6d170000 - 0x6d176000 	C:\Windows\system32\d3d8thk.dll
0x6aa60000 - 0x6b40a000 	C:\Windows\system32\nvd3dum.dll
0x726a0000 - 0x726c5000 	C:\Windows\system32\powrprof.dll
0x76af0000 - 0x76c8d000 	C:\Windows\syswow64\SETUPAPI.dll
0x76950000 - 0x76977000 	C:\Windows\syswow64\CFGMGR32.dll
0x76150000 - 0x761df000 	C:\Windows\syswow64\OLEAUT32.dll
0x76ab0000 - 0x76ac2000 	C:\Windows\syswow64\DEVOBJ.dll
0x753b0000 - 0x75ff9000 	C:\Windows\syswow64\shell32.dll
0x6d600000 - 0x6d613000 	C:\Program Files (x86)\Java\jre6\bin\net.dll
0x76a70000 - 0x76aa5000 	C:\Windows\syswow64\WS2_32.dll
0x76640000 - 0x76646000 	C:\Windows\syswow64\NSI.dll
0x729a0000 - 0x729dc000 	C:\Windows\system32\mswsock.dll
0x725c0000 - 0x725c6000 	C:\Windows\System32\wship6.dll
0x6d620000 - 0x6d629000 	C:\Program Files (x86)\Java\jre6\bin\nio.dll
0x6d510000 - 0x6d534000 	C:\Program Files (x86)\Java\jre6\bin\jsound.dll
0x6d540000 - 0x6d548000 	C:\Program Files (x86)\Java\jre6\bin\jsoundds.dll
0x07d30000 - 0x07da2000 	C:\Windows\system32\DSOUND.dll
0x72990000 - 0x72995000 	C:\Windows\System32\wshtcpip.dll
0x708e0000 - 0x70919000 	C:\Windows\system32\MMDevAPI.DLL
0x70b00000 - 0x70bf5000 	C:\Windows\system32\PROPSYS.dll
0x708b0000 - 0x708e0000 	C:\Windows\system32\wdmaud.drv
0x707c0000 - 0x707c4000 	C:\Windows\system32\ksuser.dll
0x707b0000 - 0x707b7000 	C:\Windows\system32\AVRT.dll
0x70770000 - 0x707a6000 	C:\Windows\system32\AUDIOSES.DLL
0x70760000 - 0x70768000 	C:\Windows\system32\msacm32.drv
0x70740000 - 0x70754000 	C:\Windows\system32\MSACM32.dll
0x70730000 - 0x70737000 	C:\Windows\system32\midimap.dll
0x763a0000 - 0x76423000 	C:\Windows\syswow64\CLBCatQ.DLL
0x10000000 - 0x10038000 	C:\Program Files\WIDCOMM\Bluetooth Software\SysWOW64\BtMmHook.dll
0x72640000 - 0x72656000 	C:\Windows\system32\CRYPTSP.dll
0x725d0000 - 0x7260b000 	C:\Windows\system32\rsaenh.dll
0x72330000 - 0x7233e000 	C:\Windows\system32\RpcRtRemote.dll

VM Arguments:
java_command: C:\Users\Rich\Documents\csc463\tron\tron.jar
Launcher Type: SUN_STANDARD

Environment Variables:
JAVA_HOME=C:\Program Files (x86)\Java\jdk1.6.0_23
CLASSPATH=.;C:\Program Files (x86)\Java\jre6\lib\ext\QTJava.zip
PATH=C:\Program Files (x86)\NVIDIA Corporation\PhysX\Common;C:\Windows\system32;C:\Windows;C:\Windows\System32\Wbem;C:\Windows\System32\WindowsPowerShell\v1.0\;C:\Python27;C:\Program Files (x86)\Autodesk\Backburner\;C:\Program Files (x86)\Common Files\Autodesk Shared\;C:\Program Files\Common Files\Autodesk Shared\;C:\Program Files (x86)\OpenNI\Bin;C:\Program Files (x86)\Prime Sense\NITE\Bin;c:\Program Files (x86)\Microsoft SQL Server\90\Tools\binn\;C:\Python27(x86);C:\php;C:\Program Files\MySQL\MySQL Server 5.1\bin;C:\Program Files (x86)\MySQL\MySQL Server 5.5\bin;C:\Program Files\WIDCOMM\Bluetooth Software\;C:\Program Files\WIDCOMM\Bluetooth Software\syswow64;c:\django\scsu_alum;c:\wamp\bin;C:\Program Files (x86)\QuickTime\QTSystem\;C:\Program Files (x86)\Java\jdk1.6.0_23\bin;C:\Program Files (x86)\Git\cmd
USERNAME=Rich
OS=Windows_NT
PROCESSOR_IDENTIFIER=Intel64 Family 6 Model 23 Stepping 10, GenuineIntel



---------------  S Y S T E M  ---------------

OS: Windows 7 Build 7600 

CPU:total 2 (2 cores per cpu, 1 threads per core) family 6 model 23 stepping 10, cmov, cx8, fxsr, mmx, sse, sse2, sse3, ssse3, sse4.1

Memory: 4k page, physical 8387128k(5920672k free), swap 16772360k(13610528k free)

vm_info: Java HotSpot(TM) Client VM (19.1-b02) for windows-x86 JRE (1.6.0_24-b07), built on Feb  2 2011 17:44:41 by "java_re" with MS VC++ 7.1 (VS2003)

time: Mon May 16 00:43:19 2011
elapsed time: 0 seconds

